<?xml version="1.0" encoding="utf-8"?><testsuites name="pytest tests"><testsuite name="pytest" errors="0" failures="0" skipped="0" tests="19" time="19.902" timestamp="2026-04-02T15:53:39.592529+00:00" hostname="agent-env-f2dfe4dd-576a-40df-b6e4-3ef805881fdd"><testcase classname="tests.test_ark_api.TestHealthAndBasicEndpoints" name="test_api_root" time="0.137" /><testcase classname="tests.test_ark_api.TestHealthAndBasicEndpoints" name="test_list_tools" time="0.106" /><testcase classname="tests.test_ark_api.TestSessionManagement" name="test_create_session" time="0.114" /><testcase classname="tests.test_ark_api.TestSessionManagement" name="test_list_sessions" time="0.242" /><testcase classname="tests.test_ark_api.TestSessionManagement" name="test_get_session" time="0.216" /><testcase classname="tests.test_ark_api.TestSessionManagement" name="test_get_nonexistent_session" time="0.126" /><testcase classname="tests.test_ark_api.TestAgentExecution" name="test_execute_session_and_completion" time="8.549" /><testcase classname="tests.test_ark_api.TestAgentExecution" name="test_execute_already_running_session" time="2.213" /><testcase classname="tests.test_ark_api.TestWorkflows" name="test_list_workflows" time="0.110" /><testcase classname="tests.test_ark_api.TestWorkflows" name="test_execute_workflow" time="0.207" /><testcase classname="tests.test_ark_api.TestMultiAgent" name="test_list_agents" time="1.971" /><testcase classname="tests.test_ark_api.TestMultiAgent" name="test_assign_agent_to_session" time="0.338" /><testcase classname="tests.test_ark_api.TestSummaryAndDiff" name="test_get_session_summary_incomplete" time="2.506" /><testcase classname="tests.test_ark_api.TestSummaryAndDiff" name="test_get_file_changes" time="0.211" /><testcase classname="tests.test_ark_api.TestTodoEndpoints" name="test_create_todo" time="0.107" /><testcase classname="tests.test_ark_api.TestTodoEndpoints" name="test_list_todos" time="0.103" /><testcase classname="tests.test_ark_api.TestTodoEndpoints" name="test_get_todo" time="2.009" /><testcase classname="tests.test_ark_api.TestTodoEndpoints" name="test_update_todo" time="0.213" /><testcase classname="tests.test_ark_api.TestTodoEndpoints" name="test_delete_todo" time="0.348" /></testsuite></testsuites>